[ 2016-09-22T16:13:03+08:00 ] ::1 /WeiXin/index.php/Home/Login/login
INFO: [ app_init ] --START--
INFO: Run Behavior\BuildLiteBehavior [ RunTime:0.000007s ]
INFO: [ app_init ] --END-- [ RunTime:0.000389s ]
INFO: [ app_begin ] --START--
INFO: Run Behavior\ReadHtmlCacheBehavior [ RunTime:0.000518s ]
INFO: [ app_begin ] --END-- [ RunTime:0.000551s ]
NOTIC: [8] Undefined index: account /Users/lawrance/Data/WeiXin/Application/Home/Controller/LoginController.class.php 第 11 行.
SQL: SHOW COLUMNS FROM `user_info` [ RunTime:0.0025s ]
SQL: SELECT * FROM `user_info` WHERE `user_name` = null  [ RunTime:0.0002s ]
INFO: [ app_end ] --START--
INFO: Run Behavior\ShowPageTraceBehavior [ RunTime:0.000535s ]
INFO: [ app_end ] --END-- [ RunTime:0.000560s ]
NOTIC: [8] Undefined index: echostr /Users/lawrance/Data/WeiXin/index.php 第 18 行.

[ 2016-09-22T16:13:07+08:00 ] ::1 /WeiXin/index.php
INFO: [ app_init ] --START--
INFO: Run Behavior\BuildLiteBehavior [ RunTime:0.000006s ]
INFO: [ app_init ] --END-- [ RunTime:0.000169s ]
INFO: [ app_begin ] --START--
INFO: Run Behavior\ReadHtmlCacheBehavior [ RunTime:0.000314s ]
INFO: [ app_begin ] --END-- [ RunTime:0.000353s ]
INFO: [ view_parse ] --START--
INFO: Run Behavior\ParseTemplateBehavior [ RunTime:0.000342s ]
INFO: [ view_parse ] --END-- [ RunTime:0.000376s ]
INFO: [ view_filter ] --START--
INFO: Run Behavior\WriteHtmlCacheBehavior [ RunTime:0.000323s ]
INFO: [ view_filter ] --END-- [ RunTime:0.000344s ]
INFO: [ app_end ] --START--
INFO: Run Behavior\ShowPageTraceBehavior [ RunTime:0.000274s ]
INFO: [ app_end ] --END-- [ RunTime:0.000289s ]
NOTIC: [8] Undefined index: echostr /Users/lawrance/Data/WeiXin/index.php 第 18 行.

[ 2016-09-22T16:13:13+08:00 ] ::1 /WeiXin/
INFO: [ app_init ] --START--
INFO: Run Behavior\BuildLiteBehavior [ RunTime:0.000006s ]
INFO: [ app_init ] --END-- [ RunTime:0.000197s ]
INFO: [ app_begin ] --START--
INFO: Run Behavior\ReadHtmlCacheBehavior [ RunTime:0.000219s ]
INFO: [ app_begin ] --END-- [ RunTime:0.000237s ]
INFO: [ view_parse ] --START--
INFO: Run Behavior\ParseTemplateBehavior [ RunTime:0.000075s ]
INFO: [ view_parse ] --END-- [ RunTime:0.000100s ]
INFO: [ view_filter ] --START--
INFO: Run Behavior\WriteHtmlCacheBehavior [ RunTime:0.000090s ]
INFO: [ view_filter ] --END-- [ RunTime:0.000102s ]
INFO: [ app_end ] --START--
INFO: Run Behavior\ShowPageTraceBehavior [ RunTime:0.000321s ]
INFO: [ app_end ] --END-- [ RunTime:0.000335s ]
NOTIC: [8] Undefined index: echostr /Users/lawrance/Data/WeiXin/index.php 第 18 行.

[ 2016-09-22T16:13:40+08:00 ] ::1 /WeiXin/index.php/Home/Test/login
INFO: [ app_init ] --START--
INFO: Run Behavior\BuildLiteBehavior [ RunTime:0.000005s ]
INFO: [ app_init ] --END-- [ RunTime:0.000152s ]
INFO: [ app_begin ] --START--
INFO: Run Behavior\ReadHtmlCacheBehavior [ RunTime:0.000196s ]
INFO: [ app_begin ] --END-- [ RunTime:0.000213s ]
NOTIC: [8] Undefined index: account /Users/lawrance/Data/WeiXin/Application/Home/Controller/TestController.class.php 第 45 行.
SQL: SHOW COLUMNS FROM `user_info` [ RunTime:0.0011s ]
SQL: SELECT * FROM `user_info` WHERE `user_name` = null  [ RunTime:0.0002s ]
INFO: [ app_end ] --START--
INFO: Run Behavior\ShowPageTraceBehavior [ RunTime:0.000320s ]
INFO: [ app_end ] --END-- [ RunTime:0.000340s ]
NOTIC: [8] Undefined index: echostr /Users/lawrance/Data/WeiXin/index.php 第 18 行.

[ 2016-09-22T16:13:47+08:00 ] ::1 /WeiXin/index.php/Home/Test/login
INFO: [ app_init ] --START--
INFO: Run Behavior\BuildLiteBehavior [ RunTime:0.000008s ]
INFO: [ app_init ] --END-- [ RunTime:0.000233s ]
INFO: [ app_begin ] --START--
INFO: Run Behavior\ReadHtmlCacheBehavior [ RunTime:0.000216s ]
INFO: [ app_begin ] --END-- [ RunTime:0.000235s ]
NOTIC: [8] Undefined index: account /Users/lawrance/Data/WeiXin/Application/Home/Controller/TestController.class.php 第 45 行.
SQL: SHOW COLUMNS FROM `user_info` [ RunTime:0.0019s ]
SQL: SELECT * FROM `user_info` WHERE `user_name` = null  [ RunTime:0.0002s ]
INFO: [ app_end ] --START--
INFO: Run Behavior\ShowPageTraceBehavior [ RunTime:0.000317s ]
INFO: [ app_end ] --END-- [ RunTime:0.000336s ]
NOTIC: [8] Undefined index: echostr /Users/lawrance/Data/WeiXin/index.php 第 18 行.

[ 2016-09-22T16:13:49+08:00 ] ::1 /WeiXin/index.php/Home/Test
INFO: [ app_init ] --START--
INFO: Run Behavior\BuildLiteBehavior [ RunTime:0.000005s ]
INFO: [ app_init ] --END-- [ RunTime:0.000152s ]
INFO: [ app_begin ] --START--
INFO: Run Behavior\ReadHtmlCacheBehavior [ RunTime:0.000193s ]
INFO: [ app_begin ] --END-- [ RunTime:0.000211s ]
ERR: 非法操作:index

[ 2016-09-22T16:14:00+08:00 ] 127.0.0.1 /WeiXin/?signature=647a77c26fdf671b9e8cbbb1d17b227e6a6f616d&timestamp=1474532040&nonce=281225162&openid=oRyiEwtRt9nkS_wygLGT2_zpPIqE&encrypt_type=aes&msg_signature=716540577d3b397bc7a47a66bb201e60197d0cca
INFO: [ app_init ] --START--
INFO: Run Behavior\BuildLiteBehavior [ RunTime:0.000007s ]
INFO: [ app_init ] --END-- [ RunTime:0.000188s ]
INFO: [ app_begin ] --START--
INFO: Run Behavior\ReadHtmlCacheBehavior [ RunTime:0.000220s ]
INFO: [ app_begin ] --END-- [ RunTime:0.000240s ]
INFO: [ view_parse ] --START--
INFO: Run Behavior\ParseTemplateBehavior [ RunTime:0.000147s ]
INFO: [ view_parse ] --END-- [ RunTime:0.000189s ]
INFO: [ view_filter ] --START--
INFO: Run Behavior\WriteHtmlCacheBehavior [ RunTime:0.000140s ]
INFO: [ view_filter ] --END-- [ RunTime:0.000161s ]
INFO: [ app_end ] --START--
INFO: Run Behavior\ShowPageTraceBehavior [ RunTime:0.000440s ]
INFO: [ app_end ] --END-- [ RunTime:0.000466s ]
NOTIC: [8] Undefined index: echostr /Users/lawrance/Data/WeiXin/index.php 第 18 行.

[ 2016-09-22T16:16:44+08:00 ] 127.0.0.1 /WeiXin/?signature=c4aeb381ee57036bd886403857568bb3686821a7&timestamp=1474532204&nonce=1575599504&openid=oRyiEwtRt9nkS_wygLGT2_zpPIqE&encrypt_type=aes&msg_signature=1c4f16fa27ce7b92da97097fe11ceb976c0b4154
INFO: [ app_init ] --START--
INFO: Run Behavior\BuildLiteBehavior [ RunTime:0.000011s ]
INFO: [ app_init ] --END-- [ RunTime:0.000447s ]
INFO: [ app_begin ] --START--
INFO: Run Behavior\ReadHtmlCacheBehavior [ RunTime:0.000481s ]
INFO: [ app_begin ] --END-- [ RunTime:0.000517s ]
INFO: [ view_parse ] --START--
INFO: Run Behavior\ParseTemplateBehavior [ RunTime:0.000288s ]
INFO: [ view_parse ] --END-- [ RunTime:0.000322s ]
INFO: [ view_filter ] --START--
INFO: Run Behavior\WriteHtmlCacheBehavior [ RunTime:0.000298s ]
INFO: [ view_filter ] --END-- [ RunTime:0.000320s ]
INFO: [ app_end ] --START--
INFO: Run Behavior\ShowPageTraceBehavior [ RunTime:0.000475s ]
INFO: [ app_end ] --END-- [ RunTime:0.000500s ]
NOTIC: [8] Undefined index: echostr /Users/lawrance/Data/WeiXin/index.php 第 18 行.

[ 2016-09-22T16:20:03+08:00 ] 127.0.0.1 /WeiXin/?signature=edbfe7a9c9ce899bdbfaea4edc9aca855e2edc2f&timestamp=1474532403&nonce=1109627096&openid=oRyiEwtRt9nkS_wygLGT2_zpPIqE&encrypt_type=aes&msg_signature=b0e4fc1eb00cdb5e5353d59fac9a2ac9d08f4765
INFO: [ app_init ] --START--
INFO: Run Behavior\BuildLiteBehavior [ RunTime:0.000008s ]
INFO: [ app_init ] --END-- [ RunTime:0.000366s ]
INFO: [ app_begin ] --START--
INFO: Run Behavior\ReadHtmlCacheBehavior [ RunTime:0.000445s ]
INFO: [ app_begin ] --END-- [ RunTime:0.000481s ]
INFO: [ view_parse ] --START--
INFO: Run Behavior\ParseTemplateBehavior [ RunTime:0.000267s ]
INFO: [ view_parse ] --END-- [ RunTime:0.000293s ]
INFO: [ view_filter ] --START--
INFO: Run Behavior\WriteHtmlCacheBehavior [ RunTime:0.000294s ]
INFO: [ view_filter ] --END-- [ RunTime:0.000315s ]
INFO: [ app_end ] --START--
INFO: Run Behavior\ShowPageTraceBehavior [ RunTime:0.000453s ]
INFO: [ app_end ] --END-- [ RunTime:0.000476s ]
NOTIC: [8] Undefined index: echostr /Users/lawrance/Data/WeiXin/index.php 第 18 行.

[ 2016-09-22T16:27:36+08:00 ] 127.0.0.1 /WeiXin/index.php/Home/Login/login
INFO: [ app_init ] --START--
INFO: Run Behavior\BuildLiteBehavior [ RunTime:0.000012s ]
INFO: [ app_init ] --END-- [ RunTime:0.000483s ]
INFO: [ app_begin ] --START--
INFO: Run Behavior\ReadHtmlCacheBehavior [ RunTime:0.000483s ]
INFO: [ app_begin ] --END-- [ RunTime:0.000514s ]
NOTIC: [8] Undefined index: account /Users/lawrance/Data/WeiXin/Application/Home/Controller/LoginController.class.php 第 11 行.
SQL: SHOW COLUMNS FROM `user_info` [ RunTime:0.0014s ]
SQL: SELECT * FROM `user_info` WHERE `user_name` = null  [ RunTime:0.0002s ]
INFO: [ app_end ] --START--
INFO: Run Behavior\ShowPageTraceBehavior [ RunTime:0.000504s ]
INFO: [ app_end ] --END-- [ RunTime:0.000525s ]
NOTIC: [8] Undefined index: echostr /Users/lawrance/Data/WeiXin/index.php 第 18 行.

[ 2016-09-22T16:53:05+08:00 ] 127.0.0.1 /WeiXin/
INFO: [ app_init ] --START--
INFO: Run Behavior\BuildLiteBehavior [ RunTime:0.000012s ]
INFO: [ app_init ] --END-- [ RunTime:0.000447s ]
INFO: [ app_begin ] --START--
INFO: Run Behavior\ReadHtmlCacheBehavior [ RunTime:0.000702s ]
INFO: [ app_begin ] --END-- [ RunTime:0.000735s ]
INFO: [ view_parse ] --START--
INFO: Run Behavior\ParseTemplateBehavior [ RunTime:0.000298s ]
INFO: [ view_parse ] --END-- [ RunTime:0.000330s ]
INFO: [ view_filter ] --START--
INFO: Run Behavior\WriteHtmlCacheBehavior [ RunTime:0.000292s ]
INFO: [ view_filter ] --END-- [ RunTime:0.000316s ]
INFO: [ app_end ] --START--
INFO: Run Behavior\ShowPageTraceBehavior [ RunTime:0.000521s ]
INFO: [ app_end ] --END-- [ RunTime:0.000546s ]
NOTIC: [8] Undefined index: echostr /Users/lawrance/Data/WeiXin/index.php 第 18 行.

[ 2016-09-22T17:04:35+08:00 ] 127.0.0.1 /WeiXin/index.php/Home/Login/login
INFO: [ app_init ] --START--
INFO: Run Behavior\BuildLiteBehavior [ RunTime:0.000009s ]
INFO: [ app_init ] --END-- [ RunTime:0.000239s ]
INFO: [ app_begin ] --START--
INFO: Run Behavior\ReadHtmlCacheBehavior [ RunTime:0.000232s ]
INFO: [ app_begin ] --END-- [ RunTime:0.000252s ]
NOTIC: [8] Undefined index: account /Users/lawrance/Data/WeiXin/Application/Home/Controller/LoginController.class.php 第 11 行.
SQL: SHOW COLUMNS FROM `user_info` [ RunTime:0.0015s ]
SQL: SELECT * FROM `user_info` WHERE `user_name` = null  [ RunTime:0.0002s ]
INFO: [ app_end ] --START--
INFO: Run Behavior\ShowPageTraceBehavior [ RunTime:0.000335s ]
INFO: [ app_end ] --END-- [ RunTime:0.000355s ]
NOTIC: [8] Undefined index: echostr /Users/lawrance/Data/WeiXin/index.php 第 18 行.

[ 2016-09-22T17:07:44+08:00 ] 127.0.0.1 /WeiXin/index.php/Home/Login/login?account=asda&password=asd&check_remember=remember-me&phone=
INFO: [ app_init ] --START--
INFO: Run Behavior\BuildLiteBehavior [ RunTime:0.000007s ]
INFO: [ app_init ] --END-- [ RunTime:0.000398s ]
INFO: [ app_begin ] --START--
INFO: Run Behavior\ReadHtmlCacheBehavior [ RunTime:0.000488s ]
INFO: [ app_begin ] --END-- [ RunTime:0.000522s ]
SQL: SHOW COLUMNS FROM `user_info` [ RunTime:0.0019s ]
SQL: SELECT * FROM `user_info` WHERE `user_name` = 'asda'  [ RunTime:0.0008s ]
INFO: [ app_end ] --START--
INFO: Run Behavior\ShowPageTraceBehavior [ RunTime:0.000507s ]
INFO: [ app_end ] --END-- [ RunTime:0.000530s ]
NOTIC: [8] Undefined index: echostr /Users/lawrance/Data/WeiXin/index.php 第 18 行.

[ 2016-09-22T17:08:13+08:00 ] 127.0.0.1 /WeiXin/index.php/Home/Login/login?account=asda&password=&check_remember=remember-me&phone=
INFO: [ app_init ] --START--
INFO: Run Behavior\BuildLiteBehavior [ RunTime:0.000009s ]
INFO: [ app_init ] --END-- [ RunTime:0.000404s ]
INFO: [ app_begin ] --START--
INFO: Run Behavior\ReadHtmlCacheBehavior [ RunTime:0.000473s ]
INFO: [ app_begin ] --END-- [ RunTime:0.000504s ]
SQL: SHOW COLUMNS FROM `user_info` [ RunTime:0.0013s ]
SQL: SELECT * FROM `user_info` WHERE `user_name` = 'asda'  [ RunTime:0.0002s ]
INFO: [ app_end ] --START--
INFO: Run Behavior\ShowPageTraceBehavior [ RunTime:0.000527s ]
INFO: [ app_end ] --END-- [ RunTime:0.000551s ]
NOTIC: [8] Undefined index: echostr /Users/lawrance/Data/WeiXin/index.php 第 18 行.

[ 2016-09-22T17:08:18+08:00 ] 127.0.0.1 /WeiXin/index.php/Home/Login/login?account=asda&password=&check_remember=remember-me&phone=
INFO: [ app_init ] --START--
INFO: Run Behavior\BuildLiteBehavior [ RunTime:0.000006s ]
INFO: [ app_init ] --END-- [ RunTime:0.000173s ]
INFO: [ app_begin ] --START--
INFO: Run Behavior\ReadHtmlCacheBehavior [ RunTime:0.000223s ]
INFO: [ app_begin ] --END-- [ RunTime:0.000243s ]
SQL: SHOW COLUMNS FROM `user_info` [ RunTime:0.0019s ]
SQL: SELECT * FROM `user_info` WHERE `user_name` = 'asda'  [ RunTime:0.0002s ]
INFO: [ app_end ] --START--
INFO: Run Behavior\ShowPageTraceBehavior [ RunTime:0.000313s ]
INFO: [ app_end ] --END-- [ RunTime:0.000332s ]
NOTIC: [8] Undefined index: echostr /Users/lawrance/Data/WeiXin/index.php 第 18 行.

[ 2016-09-22T17:09:01+08:00 ] 127.0.0.1 /WeiXin/index.php/Home/Login/login?account=asda&password=&check_remember=remember-me&phone=
INFO: [ app_init ] --START--
INFO: Run Behavior\BuildLiteBehavior [ RunTime:0.000006s ]
INFO: [ app_init ] --END-- [ RunTime:0.000196s ]
INFO: [ app_begin ] --START--
INFO: Run Behavior\ReadHtmlCacheBehavior [ RunTime:0.000286s ]
INFO: [ app_begin ] --END-- [ RunTime:0.000307s ]
SQL: SHOW COLUMNS FROM `user_info` [ RunTime:0.0010s ]
SQL: SELECT * FROM `user_info` WHERE `user_name` = 'asda'  [ RunTime:0.0002s ]
INFO: [ app_end ] --START--
INFO: Run Behavior\ShowPageTraceBehavior [ RunTime:0.000350s ]
INFO: [ app_end ] --END-- [ RunTime:0.000370s ]
NOTIC: [8] Undefined index: echostr /Users/lawrance/Data/WeiXin/index.php 第 18 行.

[ 2016-09-22T17:14:11+08:00 ] 127.0.0.1 /WeiXin/index.php/Home/Login/login?account=asda&password=&check_remember=remember-me&phone=
INFO: [ app_init ] --START--
INFO: Run Behavior\BuildLiteBehavior [ RunTime:0.000007s ]
INFO: [ app_init ] --END-- [ RunTime:0.000385s ]
INFO: [ app_begin ] --START--
INFO: Run Behavior\ReadHtmlCacheBehavior [ RunTime:0.000491s ]
INFO: [ app_begin ] --END-- [ RunTime:0.000525s ]
SQL: SHOW COLUMNS FROM `user_info` [ RunTime:0.0017s ]
SQL: SELECT * FROM `user_info` WHERE `user_name` = 'asda'  [ RunTime:0.0002s ]
INFO: [ app_end ] --START--
INFO: Run Behavior\ShowPageTraceBehavior [ RunTime:0.000619s ]
INFO: [ app_end ] --END-- [ RunTime:0.000640s ]
NOTIC: [8] Undefined index: echostr /Users/lawrance/Data/WeiXin/index.php 第 18 行.

[ 2016-09-22T17:17:41+08:00 ] 127.0.0.1 /WeiXin/?signature=0aa639365a1627d7dc0b6b6c3ad25c42fb1831c2&timestamp=1474535860&nonce=1245365764&openid=oRyiEwtRt9nkS_wygLGT2_zpPIqE&encrypt_type=aes&msg_signature=24a539d9292f88095b1ec40634271ecb0b9d98d6
INFO: [ app_init ] --START--
INFO: Run Behavior\BuildLiteBehavior [ RunTime:0.000008s ]
INFO: [ app_init ] --END-- [ RunTime:0.000405s ]
INFO: [ app_begin ] --START--
INFO: Run Behavior\ReadHtmlCacheBehavior [ RunTime:0.000471s ]
INFO: [ app_begin ] --END-- [ RunTime:0.000505s ]
INFO: [ view_parse ] --START--
INFO: Run Behavior\ParseTemplateBehavior [ RunTime:0.000295s ]
INFO: [ view_parse ] --END-- [ RunTime:0.000336s ]
INFO: [ view_filter ] --START--
INFO: Run Behavior\WriteHtmlCacheBehavior [ RunTime:0.000313s ]
INFO: [ view_filter ] --END-- [ RunTime:0.000336s ]
INFO: [ app_end ] --START--
INFO: Run Behavior\ShowPageTraceBehavior [ RunTime:0.000551s ]
INFO: [ app_end ] --END-- [ RunTime:0.000574s ]
NOTIC: [8] Undefined index: echostr /Users/lawrance/Data/WeiXin/index.php 第 18 行.

[ 2016-09-22T17:17:45+08:00 ] 127.0.0.1 /WeiXin/index.php/Home/Login/login?account=&password=&phone=
INFO: [ app_init ] --START--
INFO: Run Behavior\BuildLiteBehavior [ RunTime:0.000009s ]
INFO: [ app_init ] --END-- [ RunTime:0.000237s ]
INFO: [ app_begin ] --START--
INFO: Run Behavior\ReadHtmlCacheBehavior [ RunTime:0.000246s ]
INFO: [ app_begin ] --END-- [ RunTime:0.000267s ]
SQL: SHOW COLUMNS FROM `user_info` [ RunTime:0.0011s ]
SQL: SELECT * FROM `user_info` WHERE `user_name` = ''  [ RunTime:0.0002s ]
INFO: [ app_end ] --START--
INFO: Run Behavior\ShowPageTraceBehavior [ RunTime:0.000332s ]
INFO: [ app_end ] --END-- [ RunTime:0.000352s ]
NOTIC: [8] Undefined index: echostr /Users/lawrance/Data/WeiXin/index.php 第 18 行.

[ 2016-09-22T17:18:23+08:00 ] 127.0.0.1 /WeiXin/index.php/Home/Login/login?account=&password=&phone=
INFO: [ app_init ] --START--
INFO: Run Behavior\BuildLiteBehavior [ RunTime:0.000005s ]
INFO: [ app_init ] --END-- [ RunTime:0.000179s ]
INFO: [ app_begin ] --START--
INFO: Run Behavior\ReadHtmlCacheBehavior [ RunTime:0.000233s ]
INFO: [ app_begin ] --END-- [ RunTime:0.000254s ]
SQL: SHOW COLUMNS FROM `user_info` [ RunTime:0.0020s ]
SQL: SELECT * FROM `user_info` WHERE `user_name` = ''  [ RunTime:0.0002s ]
INFO: [ app_end ] --START--
INFO: Run Behavior\ShowPageTraceBehavior [ RunTime:0.000333s ]
INFO: [ app_end ] --END-- [ RunTime:0.000353s ]
NOTIC: [8] Undefined index: echostr /Users/lawrance/Data/WeiXin/index.php 第 18 行.

[ 2016-09-22T17:18:28+08:00 ] 127.0.0.1 /WeiXin/?signature=6bef326b791d33c4ba5c7490bc36dad35f23c550&timestamp=1474535908&nonce=432895144&openid=oRyiEwtRt9nkS_wygLGT2_zpPIqE&encrypt_type=aes&msg_signature=a16cd08195518460bfe60cd64d5c6de7b6c5ba0d
INFO: [ app_init ] --START--
INFO: Run Behavior\BuildLiteBehavior [ RunTime:0.000006s ]
INFO: [ app_init ] --END-- [ RunTime:0.000175s ]
INFO: [ app_begin ] --START--
INFO: Run Behavior\ReadHtmlCacheBehavior [ RunTime:0.000220s ]
INFO: [ app_begin ] --END-- [ RunTime:0.000239s ]
INFO: [ view_parse ] --START--
INFO: Run Behavior\ParseTemplateBehavior [ RunTime:0.000092s ]
INFO: [ view_parse ] --END-- [ RunTime:0.000110s ]
INFO: [ view_filter ] --START--
INFO: Run Behavior\WriteHtmlCacheBehavior [ RunTime:0.000077s ]
INFO: [ view_filter ] --END-- [ RunTime:0.000089s ]
INFO: [ app_end ] --START--
INFO: Run Behavior\ShowPageTraceBehavior [ RunTime:0.000243s ]
INFO: [ app_end ] --END-- [ RunTime:0.000257s ]
NOTIC: [8] Undefined index: echostr /Users/lawrance/Data/WeiXin/index.php 第 18 行.

[ 2016-09-22T17:18:31+08:00 ] 127.0.0.1 /WeiXin/index.php/Home/Login/login?account=&password=&phone=
INFO: [ app_init ] --START--
INFO: Run Behavior\BuildLiteBehavior [ RunTime:0.000006s ]
INFO: [ app_init ] --END-- [ RunTime:0.000176s ]
INFO: [ app_begin ] --START--
INFO: Run Behavior\ReadHtmlCacheBehavior [ RunTime:0.000222s ]
INFO: [ app_begin ] --END-- [ RunTime:0.000241s ]
SQL: SHOW COLUMNS FROM `user_info` [ RunTime:0.0024s ]
SQL: SELECT * FROM `user_info` WHERE `user_name` = ''  [ RunTime:0.0002s ]
INFO: [ app_end ] --START--
INFO: Run Behavior\ShowPageTraceBehavior [ RunTime:0.000307s ]
INFO: [ app_end ] --END-- [ RunTime:0.000326s ]
NOTIC: [8] Undefined index: echostr /Users/lawrance/Data/WeiXin/index.php 第 18 行.

[ 2016-09-22T17:20:39+08:00 ] 127.0.0.1 /WeiXin/index.php/Home/Login/login?account=&password=&phone=
INFO: [ app_init ] --START--
INFO: Run Behavior\BuildLiteBehavior [ RunTime:0.000006s ]
INFO: [ app_init ] --END-- [ RunTime:0.000178s ]
INFO: [ app_begin ] --START--
INFO: Run Behavior\ReadHtmlCacheBehavior [ RunTime:0.000224s ]
INFO: [ app_begin ] --END-- [ RunTime:0.000243s ]
SQL: SHOW COLUMNS FROM `user_info` [ RunTime:0.0020s ]
SQL: SELECT * FROM `user_info` WHERE `user_name` = ''  [ RunTime:0.0002s ]
INFO: [ app_end ] --START--
INFO: Run Behavior\ShowPageTraceBehavior [ RunTime:0.000320s ]
INFO: [ app_end ] --END-- [ RunTime:0.000340s ]
NOTIC: [8] Undefined index: echostr /Users/lawrance/Data/WeiXin/index.php 第 18 行.

[ 2016-09-22T17:20:42+08:00 ] 127.0.0.1 /WeiXin/index.php/Home/Login/login?account=&password=&phone=
INFO: [ app_init ] --START--
INFO: Run Behavior\BuildLiteBehavior [ RunTime:0.000005s ]
INFO: [ app_init ] --END-- [ RunTime:0.000173s ]
INFO: [ app_begin ] --START--
INFO: Run Behavior\ReadHtmlCacheBehavior [ RunTime:0.000219s ]
INFO: [ app_begin ] --END-- [ RunTime:0.000240s ]
SQL: SHOW COLUMNS FROM `user_info` [ RunTime:0.0023s ]
SQL: SELECT * FROM `user_info` WHERE `user_name` = ''  [ RunTime:0.0002s ]
INFO: [ app_end ] --START--
INFO: Run Behavior\ShowPageTraceBehavior [ RunTime:0.000326s ]
INFO: [ app_end ] --END-- [ RunTime:0.000346s ]
NOTIC: [8] Undefined index: echostr /Users/lawrance/Data/WeiXin/index.php 第 18 行.

