[ 2016-08-26T11:21:12+08:00 ] ::1 /AndroidPHP/index.php/Home/a
INFO: [ app_init ] --START--
INFO: Run Behavior\BuildLiteBehavior [ RunTime:0.000008s ]
INFO: [ app_init ] --END-- [ RunTime:0.000381s ]
INFO: [ app_begin ] --START--
INFO: Run Behavior\ReadHtmlCacheBehavior [ RunTime:0.000463s ]
INFO: [ app_begin ] --END-- [ RunTime:0.000485s ]
INFO: [ app_end ] --START--
INFO: Run Behavior\ShowPageTraceBehavior [ RunTime:0.000476s ]
INFO: [ app_end ] --END-- [ RunTime:0.000498s ]
NOTIC: [8] Undefined index: id /Users/lawrance/Data/AndroidPHP/index.php 第 14 行.

[ 2016-08-26T14:10:22+08:00 ] ::1 /AndroidPHP/index.php/Home/Test/test
INFO: [ app_init ] --START--
INFO: Run Behavior\BuildLiteBehavior [ RunTime:0.000005s ]
INFO: [ app_init ] --END-- [ RunTime:0.000179s ]
INFO: [ app_begin ] --START--
INFO: Run Behavior\ReadHtmlCacheBehavior [ RunTime:0.000279s ]
INFO: [ app_begin ] --END-- [ RunTime:0.000308s ]
INFO: [ app_end ] --START--
INFO: Run Behavior\ShowPageTraceBehavior [ RunTime:0.000247s ]
INFO: [ app_end ] --END-- [ RunTime:0.000266s ]
NOTIC: [8] Undefined index: id /Users/lawrance/Data/AndroidPHP/index.php 第 14 行.

[ 2016-08-26T14:10:38+08:00 ] ::1 /AndroidPHP/index.php/Home/Test/getUserInfo
INFO: [ app_init ] --START--
INFO: Run Behavior\BuildLiteBehavior [ RunTime:0.000005s ]
INFO: [ app_init ] --END-- [ RunTime:0.000166s ]
INFO: [ app_begin ] --START--
INFO: Run Behavior\ReadHtmlCacheBehavior [ RunTime:0.000202s ]
INFO: [ app_begin ] --END-- [ RunTime:0.000221s ]
SQL: SHOW COLUMNS FROM `user_info` [ RunTime:0.0011s ]
SQL: SELECT * FROM `user_info` WHERE `user_name` = 'admin'  [ RunTime:0.0005s ]

[ 2016-08-26T14:13:33+08:00 ] ::1 /AndroidPHP/index.php/Home/Test/getUserInfo
INFO: [ app_init ] --START--
INFO: Run Behavior\BuildLiteBehavior [ RunTime:0.000008s ]
INFO: [ app_init ] --END-- [ RunTime:0.000214s ]
INFO: [ app_begin ] --START--
INFO: Run Behavior\ReadHtmlCacheBehavior [ RunTime:0.000221s ]
INFO: [ app_begin ] --END-- [ RunTime:0.000240s ]
SQL: SHOW COLUMNS FROM `user_info` [ RunTime:0.0018s ]
SQL: SELECT * FROM `user_info` WHERE `user_name` = 'admin' AND `id` = 1  [ RunTime:0.0002s ]

[ 2016-08-26T14:18:04+08:00 ] ::1 /AndroidPHP/index.php/Home/Test/getUserInfo
INFO: [ app_init ] --START--
INFO: Run Behavior\BuildLiteBehavior [ RunTime:0.000009s ]
INFO: [ app_init ] --END-- [ RunTime:0.000221s ]
INFO: [ app_begin ] --START--
INFO: Run Behavior\ReadHtmlCacheBehavior [ RunTime:0.000232s ]
INFO: [ app_begin ] --END-- [ RunTime:0.000253s ]
SQL: SHOW COLUMNS FROM `user_info` [ RunTime:0.0025s ]
SQL: SELECT * FROM `user_info`  [ RunTime:0.0002s ]

[ 2016-08-26T14:19:03+08:00 ] ::1 /AndroidPHP/index.php/Home/Test/getUserInfo
INFO: [ app_init ] --START--
INFO: Run Behavior\BuildLiteBehavior [ RunTime:0.000006s ]
INFO: [ app_init ] --END-- [ RunTime:0.000188s ]
INFO: [ app_begin ] --START--
INFO: Run Behavior\ReadHtmlCacheBehavior [ RunTime:0.000226s ]
INFO: [ app_begin ] --END-- [ RunTime:0.000249s ]
SQL: SHOW COLUMNS FROM `user_info` [ RunTime:0.0020s ]
SQL: SELECT * FROM `user_info`  [ RunTime:0.0002s ]

[ 2016-08-26T14:19:06+08:00 ] ::1 /AndroidPHP/index.php/Home/Test/getUserInfo
INFO: [ app_init ] --START--
INFO: Run Behavior\BuildLiteBehavior [ RunTime:0.000005s ]
INFO: [ app_init ] --END-- [ RunTime:0.000163s ]
INFO: [ app_begin ] --START--
INFO: Run Behavior\ReadHtmlCacheBehavior [ RunTime:0.000216s ]
INFO: [ app_begin ] --END-- [ RunTime:0.000236s ]
SQL: SHOW COLUMNS FROM `user_info` [ RunTime:0.0018s ]
SQL: SELECT * FROM `user_info`  [ RunTime:0.0002s ]

[ 2016-08-26T14:34:22+08:00 ] ::1 /AndroidPHP/index.php/Home/Test/addUser
INFO: [ app_init ] --START--
INFO: Run Behavior\BuildLiteBehavior [ RunTime:0.000005s ]
INFO: [ app_init ] --END-- [ RunTime:0.000160s ]
INFO: [ app_begin ] --START--
INFO: Run Behavior\ReadHtmlCacheBehavior [ RunTime:0.000200s ]
INFO: [ app_begin ] --END-- [ RunTime:0.000217s ]
SQL: SHOW COLUMNS FROM `user` [ RunTime:0.0020s ]
SQL: INSERT INTO `user` (`username`,`userpassword`) VALUES ('test','test') [ RunTime:0.0003s ]
INFO: [ app_end ] --START--
INFO: Run Behavior\ShowPageTraceBehavior [ RunTime:0.000307s ]
INFO: [ app_end ] --END-- [ RunTime:0.000361s ]
NOTIC: [8] Undefined index: id /Users/lawrance/Data/AndroidPHP/index.php 第 14 行.

[ 2016-08-26T14:35:07+08:00 ] ::1 /AndroidPHP/index.php/Home/Test/addUser
INFO: [ app_init ] --START--
INFO: Run Behavior\BuildLiteBehavior [ RunTime:0.000005s ]
INFO: [ app_init ] --END-- [ RunTime:0.000162s ]
INFO: [ app_begin ] --START--
INFO: Run Behavior\ReadHtmlCacheBehavior [ RunTime:0.000208s ]
INFO: [ app_begin ] --END-- [ RunTime:0.000227s ]
SQL: SHOW COLUMNS FROM `user` [ RunTime:0.0019s ]
ERR: 1062:Duplicate entry 'test' for key 'username'
 [ SQL语句 ] : INSERT INTO `user` (`username`,`userpassword`) VALUES ('test','test')
ERR: 1062:Duplicate entry 'test' for key 'username'
 [ SQL语句 ] : INSERT INTO `user` (`username`,`userpassword`) VALUES ('test','test')

[ 2016-08-26T14:35:51+08:00 ] ::1 /AndroidPHP/index.php/Home/Test/addUser
INFO: [ app_init ] --START--
INFO: Run Behavior\BuildLiteBehavior [ RunTime:0.000005s ]
INFO: [ app_init ] --END-- [ RunTime:0.000162s ]
INFO: [ app_begin ] --START--
INFO: Run Behavior\ReadHtmlCacheBehavior [ RunTime:0.000204s ]
INFO: [ app_begin ] --END-- [ RunTime:0.000223s ]
SQL: SHOW COLUMNS FROM `user` [ RunTime:0.0021s ]
ERR: 1062:Duplicate entry 'test' for key 'username'
 [ SQL语句 ] : INSERT INTO `user` (`username`,`userpassword`) VALUES ('test','test')
ERR: 1062:Duplicate entry 'test' for key 'username'
 [ SQL语句 ] : INSERT INTO `user` (`username`,`userpassword`) VALUES ('test','test')

[ 2016-08-26T14:35:54+08:00 ] ::1 /AndroidPHP/index.php/Home/Test/getUserInfo
INFO: [ app_init ] --START--
INFO: Run Behavior\BuildLiteBehavior [ RunTime:0.000005s ]
INFO: [ app_init ] --END-- [ RunTime:0.000159s ]
INFO: [ app_begin ] --START--
INFO: Run Behavior\ReadHtmlCacheBehavior [ RunTime:0.000204s ]
INFO: [ app_begin ] --END-- [ RunTime:0.000222s ]
SQL: SHOW COLUMNS FROM `user_info` [ RunTime:0.0018s ]
SQL: SELECT * FROM `user_info`  [ RunTime:0.0002s ]

[ 2016-08-26T14:35:56+08:00 ] ::1 /AndroidPHP/index.php/Home/Test/test
INFO: [ app_init ] --START--
INFO: Run Behavior\BuildLiteBehavior [ RunTime:0.000006s ]
INFO: [ app_init ] --END-- [ RunTime:0.000162s ]
INFO: [ app_begin ] --START--
INFO: Run Behavior\ReadHtmlCacheBehavior [ RunTime:0.000205s ]
INFO: [ app_begin ] --END-- [ RunTime:0.000224s ]
INFO: [ app_end ] --START--
INFO: Run Behavior\ShowPageTraceBehavior [ RunTime:0.000226s ]
INFO: [ app_end ] --END-- [ RunTime:0.000246s ]
NOTIC: [8] Undefined index: id /Users/lawrance/Data/AndroidPHP/index.php 第 14 行.

[ 2016-08-26T14:35:57+08:00 ] ::1 /AndroidPHP/index.php/Home/Test/getUserInfo
INFO: [ app_init ] --START--
INFO: Run Behavior\BuildLiteBehavior [ RunTime:0.000006s ]
INFO: [ app_init ] --END-- [ RunTime:0.000160s ]
INFO: [ app_begin ] --START--
INFO: Run Behavior\ReadHtmlCacheBehavior [ RunTime:0.000205s ]
INFO: [ app_begin ] --END-- [ RunTime:0.000225s ]
SQL: SHOW COLUMNS FROM `user_info` [ RunTime:0.0018s ]
SQL: SELECT * FROM `user_info`  [ RunTime:0.0002s ]

[ 2016-08-26T14:35:58+08:00 ] ::1 /AndroidPHP/index.php/Home/Test/addUser
INFO: [ app_init ] --START--
INFO: Run Behavior\BuildLiteBehavior [ RunTime:0.000006s ]
INFO: [ app_init ] --END-- [ RunTime:0.000166s ]
INFO: [ app_begin ] --START--
INFO: Run Behavior\ReadHtmlCacheBehavior [ RunTime:0.000206s ]
INFO: [ app_begin ] --END-- [ RunTime:0.000226s ]
SQL: SHOW COLUMNS FROM `user` [ RunTime:0.0022s ]
ERR: 1062:Duplicate entry 'test' for key 'username'
 [ SQL语句 ] : INSERT INTO `user` (`username`,`userpassword`) VALUES ('test','test')
ERR: 1062:Duplicate entry 'test' for key 'username'
 [ SQL语句 ] : INSERT INTO `user` (`username`,`userpassword`) VALUES ('test','test')

[ 2016-08-26T14:36:56+08:00 ] ::1 /AndroidPHP/index.php/Home/Test/addUser
INFO: [ app_init ] --START--
INFO: Run Behavior\BuildLiteBehavior [ RunTime:0.000012s ]
INFO: [ app_init ] --END-- [ RunTime:0.000369s ]
INFO: [ app_begin ] --START--
INFO: Run Behavior\ReadHtmlCacheBehavior [ RunTime:0.000414s ]
INFO: [ app_begin ] --END-- [ RunTime:0.000454s ]
SQL: SHOW COLUMNS FROM `user` [ RunTime:0.0019s ]
ERR: 1062:Duplicate entry 'test' for key 'username'
 [ SQL语句 ] : INSERT INTO `user` (`username`,`userpassword`) VALUES ('test','test')
ERR: 1062:Duplicate entry 'test' for key 'username'
 [ SQL语句 ] : INSERT INTO `user` (`username`,`userpassword`) VALUES ('test','test')

[ 2016-08-26T14:37:41+08:00 ] ::1 /AndroidPHP/index.php/Home/Test/addUser
INFO: [ app_init ] --START--
INFO: Run Behavior\BuildLiteBehavior [ RunTime:0.000007s ]
INFO: [ app_init ] --END-- [ RunTime:0.000177s ]
INFO: [ app_begin ] --START--
INFO: Run Behavior\ReadHtmlCacheBehavior [ RunTime:0.000218s ]
INFO: [ app_begin ] --END-- [ RunTime:0.000238s ]
SQL: SHOW COLUMNS FROM `user` [ RunTime:0.0019s ]
ERR: 1062:Duplicate entry 'test' for key 'username'
 [ SQL语句 ] : INSERT INTO `user` (`username`,`userpassword`) VALUES ('test','test')
ERR: 1062:Duplicate entry 'test' for key 'username'
 [ SQL语句 ] : INSERT INTO `user` (`username`,`userpassword`) VALUES ('test','test')

[ 2016-08-26T14:37:44+08:00 ] ::1 /AndroidPHP/index.php/Home/Test/addUser
INFO: [ app_init ] --START--
INFO: Run Behavior\BuildLiteBehavior [ RunTime:0.000010s ]
INFO: [ app_init ] --END-- [ RunTime:0.000188s ]
INFO: [ app_begin ] --START--
INFO: Run Behavior\ReadHtmlCacheBehavior [ RunTime:0.000258s ]
INFO: [ app_begin ] --END-- [ RunTime:0.000281s ]
SQL: SHOW COLUMNS FROM `user` [ RunTime:0.0018s ]
ERR: 1062:Duplicate entry 'test' for key 'username'
 [ SQL语句 ] : INSERT INTO `user` (`username`,`userpassword`) VALUES ('test','test')
ERR: 1062:Duplicate entry 'test' for key 'username'
 [ SQL语句 ] : INSERT INTO `user` (`username`,`userpassword`) VALUES ('test','test')

[ 2016-08-26T14:39:39+08:00 ] ::1 /AndroidPHP/index.php/Home/Test/addUser
INFO: [ app_init ] --START--
INFO: Run Behavior\BuildLiteBehavior [ RunTime:0.000008s ]
INFO: [ app_init ] --END-- [ RunTime:0.000231s ]
INFO: [ app_begin ] --START--
INFO: Run Behavior\ReadHtmlCacheBehavior [ RunTime:0.000222s ]
INFO: [ app_begin ] --END-- [ RunTime:0.000241s ]
SQL: SHOW COLUMNS FROM `user` [ RunTime:0.0020s ]
ERR: 1062:Duplicate entry 'test' for key 'username'
 [ SQL语句 ] : INSERT INTO `user` (`username`,`userpassword`) VALUES ('test','test')
ERR: 1062:Duplicate entry 'test' for key 'username'
 [ SQL语句 ] : INSERT INTO `user` (`username`,`userpassword`) VALUES ('test','test')

[ 2016-08-26T14:39:48+08:00 ] ::1 /AndroidPHP/index.php/Home/Test/addUser
INFO: [ app_init ] --START--
INFO: Run Behavior\BuildLiteBehavior [ RunTime:0.000005s ]
INFO: [ app_init ] --END-- [ RunTime:0.000163s ]
INFO: [ app_begin ] --START--
INFO: Run Behavior\ReadHtmlCacheBehavior [ RunTime:0.000207s ]
INFO: [ app_begin ] --END-- [ RunTime:0.000226s ]
SQL: SHOW COLUMNS FROM `user` [ RunTime:0.0022s ]
ERR: 1062:Duplicate entry 'test' for key 'username'
 [ SQL语句 ] : INSERT INTO `user` (`username`,`userpassword`) VALUES ('test','test')
ERR: 1062:Duplicate entry 'test' for key 'username'
 [ SQL语句 ] : INSERT INTO `user` (`username`,`userpassword`) VALUES ('test','test')

[ 2016-08-26T15:02:10+08:00 ] ::1 /AndroidPHP/index.php/Home/Test/addUser
INFO: [ app_init ] --START--
INFO: Run Behavior\BuildLiteBehavior [ RunTime:0.000007s ]
INFO: [ app_init ] --END-- [ RunTime:0.000483s ]
INFO: [ app_begin ] --START--
INFO: Run Behavior\ReadHtmlCacheBehavior [ RunTime:0.000224s ]
INFO: [ app_begin ] --END-- [ RunTime:0.000244s ]
SQL: SHOW COLUMNS FROM `user` [ RunTime:0.0010s ]
ERR: 1062:Duplicate entry 'test' for key 'username'
 [ SQL语句 ] : INSERT INTO `user` (`username`,`userpassword`) VALUES ('test','test')
ERR: 1062:Duplicate entry 'test' for key 'username'
 [ SQL语句 ] : INSERT INTO `user` (`username`,`userpassword`) VALUES ('test','test')

